<?xml version="1.0" encoding="UTF-8"?>
<!-- Generated by org.testng.reporters.JUnitXMLReporter -->
<testsuite hostname="LAPTOP-B2QFA4KJ" ignored="0" name="Sign Up Test" tests="3" failures="0" timestamp="04 Aug 2020 18:50:30 GMT" time="61.524" errors="0">
  <testcase name="testInavlidErrorFullRegistration" time="3.203" classname="com.saplab.page.automatePoj.SignUpPageTest"/>
  <testcase name="testPasswordMismatch" time="2.51" classname="com.saplab.page.automatePoj.SignUpPageTest"/>
  <testcase name="testSuccessfullRegistration" time="1.926" classname="com.saplab.page.automatePoj.SignUpPageTest"/>
</testsuite> <!-- Sign Up Test -->
