<?xml version="1.0" encoding="UTF-8"?>
<testng-results skipped="0" failed="0" ignored="0" total="5" passed="5">
  <reporter-output>
  </reporter-output>
  <suite name="Sign Up Tests" duration-ms="61524" started-at="2020-08-04T18:49:29Z" finished-at="2020-08-04T18:50:30Z">
    <groups>
    </groups>
    <test name="Home Page Tests" duration-ms="34405" started-at="2020-08-04T18:49:29Z" finished-at="2020-08-04T18:50:03Z">
      <class name="com.saplab.page.automatePoj.HomePageTest">
        <test-method status="PASS" signature="setup()[pri:0, instance:com.saplab.page.automatePoj.HomePageTest@dc24521]" name="setup" is-config="true" duration-ms="13736" started-at="2020-08-05T00:19:29Z" finished-at="2020-08-05T00:19:43Z">
          <reporter-output>
          </reporter-output>
        </test-method> <!-- setup -->
        <test-method status="PASS" signature="homeUrl()[pri:0, instance:com.saplab.page.automatePoj.HomePageTest@dc24521]" name="homeUrl" duration-ms="81" started-at="2020-08-05T00:19:43Z" finished-at="2020-08-05T00:19:43Z">
          <reporter-output>
          </reporter-output>
        </test-method> <!-- homeUrl -->
        <test-method status="PASS" signature="tearDown()[pri:0, instance:com.saplab.page.automatePoj.HomePageTest@dc24521]" name="tearDown" is-config="true" duration-ms="144" started-at="2020-08-05T00:19:43Z" finished-at="2020-08-05T00:19:43Z">
          <reporter-output>
          </reporter-output>
        </test-method> <!-- tearDown -->
        <test-method status="PASS" signature="setup()[pri:0, instance:com.saplab.page.automatePoj.HomePageTest@dc24521]" name="setup" is-config="true" duration-ms="17016" started-at="2020-08-05T00:19:43Z" finished-at="2020-08-05T00:20:00Z">
          <reporter-output>
          </reporter-output>
        </test-method> <!-- setup -->
        <test-method status="PASS" signature="testSignUpButton()[pri:0, instance:com.saplab.page.automatePoj.HomePageTest@dc24521]" name="testSignUpButton" duration-ms="2627" started-at="2020-08-05T00:20:00Z" finished-at="2020-08-05T00:20:03Z">
          <reporter-output>
          </reporter-output>
        </test-method> <!-- testSignUpButton -->
        <test-method status="PASS" signature="tearDown()[pri:0, instance:com.saplab.page.automatePoj.HomePageTest@dc24521]" name="tearDown" is-config="true" duration-ms="135" started-at="2020-08-05T00:20:03Z" finished-at="2020-08-05T00:20:03Z">
          <reporter-output>
          </reporter-output>
        </test-method> <!-- tearDown -->
      </class> <!-- com.saplab.page.automatePoj.HomePageTest -->
    </test> <!-- Home Page Tests -->
    <test name="Sign Up Test" duration-ms="61524" started-at="2020-08-04T18:49:29Z" finished-at="2020-08-04T18:50:30Z">
      <class name="com.saplab.page.automatePoj.SignUpPageTest">
        <test-method status="PASS" signature="setup()[pri:0, instance:com.saplab.page.automatePoj.SignUpPageTest@370736d9]" name="setup" is-config="true" duration-ms="16492" started-at="2020-08-05T00:19:29Z" finished-at="2020-08-05T00:19:46Z">
          <reporter-output>
          </reporter-output>
        </test-method> <!-- setup -->
        <test-method status="PASS" signature="testInavlidErrorFullRegistration()[pri:0, instance:com.saplab.page.automatePoj.SignUpPageTest@370736d9]" name="testInavlidErrorFullRegistration" duration-ms="3203" started-at="2020-08-05T00:19:46Z" finished-at="2020-08-05T00:19:49Z">
          <reporter-output>
          </reporter-output>
        </test-method> <!-- testInavlidErrorFullRegistration -->
        <test-method status="PASS" signature="closeDriver()[pri:0, instance:com.saplab.page.automatePoj.SignUpPageTest@370736d9]" name="closeDriver" is-config="true" duration-ms="94" started-at="2020-08-05T00:19:49Z" finished-at="2020-08-05T00:19:49Z">
          <reporter-output>
          </reporter-output>
        </test-method> <!-- closeDriver -->
        <test-method status="PASS" signature="setup()[pri:0, instance:com.saplab.page.automatePoj.SignUpPageTest@370736d9]" name="setup" is-config="true" duration-ms="21628" started-at="2020-08-05T00:19:49Z" finished-at="2020-08-05T00:20:11Z">
          <reporter-output>
          </reporter-output>
        </test-method> <!-- setup -->
        <test-method status="PASS" signature="testPasswordMismatch()[pri:0, instance:com.saplab.page.automatePoj.SignUpPageTest@370736d9]" name="testPasswordMismatch" duration-ms="2510" started-at="2020-08-05T00:20:11Z" finished-at="2020-08-05T00:20:13Z">
          <reporter-output>
          </reporter-output>
        </test-method> <!-- testPasswordMismatch -->
        <test-method status="PASS" signature="closeDriver()[pri:0, instance:com.saplab.page.automatePoj.SignUpPageTest@370736d9]" name="closeDriver" is-config="true" duration-ms="71" started-at="2020-08-05T00:20:13Z" finished-at="2020-08-05T00:20:13Z">
          <reporter-output>
          </reporter-output>
        </test-method> <!-- closeDriver -->
        <test-method status="PASS" signature="setup()[pri:0, instance:com.saplab.page.automatePoj.SignUpPageTest@370736d9]" name="setup" is-config="true" duration-ms="14873" started-at="2020-08-05T00:20:13Z" finished-at="2020-08-05T00:20:28Z">
          <reporter-output>
          </reporter-output>
        </test-method> <!-- setup -->
        <test-method status="PASS" signature="testSuccessfullRegistration()[pri:0, instance:com.saplab.page.automatePoj.SignUpPageTest@370736d9]" name="testSuccessfullRegistration" duration-ms="1926" started-at="2020-08-05T00:20:28Z" finished-at="2020-08-05T00:20:30Z">
          <reporter-output>
          </reporter-output>
        </test-method> <!-- testSuccessfullRegistration -->
        <test-method status="PASS" signature="closeDriver()[pri:0, instance:com.saplab.page.automatePoj.SignUpPageTest@370736d9]" name="closeDriver" is-config="true" duration-ms="77" started-at="2020-08-05T00:20:30Z" finished-at="2020-08-05T00:20:30Z">
          <reporter-output>
          </reporter-output>
        </test-method> <!-- closeDriver -->
      </class> <!-- com.saplab.page.automatePoj.SignUpPageTest -->
    </test> <!-- Sign Up Test -->
  </suite> <!-- Sign Up Tests -->
</testng-results>
